Base path: C:/Program Files (x86)/Unity/Editor/Data
Pipe name: \\.\pipe\UnityShaderCompiler-1-3800
Cmd: getPlatforms
Cmd: preprocess
  insize=923 outsize=923 ok=1
Cmd: preprocess
  insize=328 outsize=328 ok=1
Cmd: preprocess
  insize=284 outsize=284 ok=1
Cmd: preprocess
  insize=341 outsize=341 ok=1
Cmd: preprocess
  insize=352 outsize=352 ok=1
Cmd: preprocess
  insize=367 outsize=367 ok=1
Cmd: preprocess
  insize=352 outsize=352 ok=1
Cmd: preprocess
  insize=344 outsize=344 ok=1
Cmd: preprocess
  insize=224 outsize=224 ok=1
Cmd: preprocess
  insize=362 outsize=362 ok=1
Cmd: preprocess
  insize=302 outsize=302 ok=1
Cmd: preprocess
  insize=529 outsize=529 ok=1
Cmd: preprocess
  insize=260 outsize=260 ok=1
Cmd: preprocess
  insize=351 outsize=351 ok=1
Cmd: preprocess
  insize=328 outsize=328 ok=1
Cmd: preprocess
  insize=356 outsize=356 ok=1
Cmd: preprocess
  insize=346 outsize=346 ok=1
Cmd: preprocess
  insize=290 outsize=290 ok=1
Cmd: preprocess
  insize=357 outsize=357 ok=1
Cmd: preprocess
  insize=357 outsize=357 ok=1
Cmd: preprocess
  insize=339 outsize=339 ok=1
Cmd: preprocess
  insize=360 outsize=360 ok=1
Cmd: preprocess
  insize=344 outsize=344 ok=1
Cmd: preprocess
  insize=229 outsize=229 ok=1
Cmd: preprocess
  insize=923 outsize=923 ok=1
Cmd: preprocess
  insize=235 outsize=235 ok=1
Cmd: preprocess
  insize=886 outsize=886 ok=1
Cmd: preprocess
  insize=338 outsize=338 ok=1
Cmd: preprocess
  insize=366 outsize=366 ok=1
Cmd: preprocess
  insize=307 outsize=307 ok=1
Cmd: preprocess
  insize=341 outsize=341 ok=1
Cmd: preprocess
  insize=361 outsize=361 ok=1
Cmd: preprocess
  insize=346 outsize=346 ok=1
